4000 1 0 0 4000 1
4000 1 0 0 4000 1
4000 1 0 0 4000 1
4000 1 0 0 4000 1
4000 1 0 0 4000 1
4000 1 0 0 4000 1
4000 1 0 0 4000 1
4000 1 0 0 4000 1
4000 1 0 0 4000 1
4000 1 0 0 4000 1
4000 1 0 0 4000 1
4000 1 0 0 4000 1
4000 1 0 0 4000 1
4000 1 0 0 4000 1
4000 1 0 0 4000 1
4000 1 0 0 4000 1
4000 1 0 0 4000 1
4000 1 0 0 4000 1
4000 1 0 0 4000 1
4000 1 0 0 4000 1
4000 1 0 0 4000 1
4000 1 0 0 4000 1
4000 1 0 0 4000 1
4000 1 0 0 4000 1
4000 1 0 0 4000 1
4001 1 0 0 0 0
4002 1 0 0 0 0
4003 1 0 0 0 0
4004 1 0 0 0 0
4005 1 0 0 4000 1
4000 1 0 0 0 0
4001 1 0 0 0 0
4002 1 0 0 0 0
4003 1 0 0 0 0
4004 1 0 0 0 0
4005 1 0 0 4000 1
4000 1 0 0 0 0
4001 1 0 0 0 0
4002 1 0 0 0 0
4003 1 0 0 0 0
4004 1 0 0 0 0
4005 1 0 0 5000 1
